F:\ECHO\DEBUG\LUA-CLIENTSOCKET.DLL
F:\Echo\Debug\lua-clientsocket.exp
F:\ECHO\DEBUG\LUA-CLIENTSOCKET.ILK
F:\Echo\Debug\lua-clientsocket.lib
F:\ECHO\DEBUG\LUA-CLIENTSOCKET.PDB
F:\Echo\lualib-src\lua-clientsocket\Debug\cl.command.1.tlog
F:\Echo\lualib-src\lua-clientsocket\Debug\CL.read.1.tlog
F:\Echo\lualib-src\lua-clientsocket\Debug\CL.write.1.tlog
F:\Echo\lualib-src\lua-clientsocket\Debug\link.7312.read.1.tlog
F:\Echo\lualib-src\lua-clientsocket\Debug\link.7312.write.1.tlog
F:\Echo\lualib-src\lua-clientsocket\Debug\link.7312-cvtres.read.1.tlog
F:\Echo\lualib-src\lua-clientsocket\Debug\link.7312-cvtres.write.1.tlog
F:\Echo\lualib-src\lua-clientsocket\Debug\link.7712.read.1.tlog
F:\Echo\lualib-src\lua-clientsocket\Debug\link.7712.write.1.tlog
F:\Echo\lualib-src\lua-clientsocket\Debug\link.7712-cvtres.read.1.tlog
F:\Echo\lualib-src\lua-clientsocket\Debug\link.7712-cvtres.write.1.tlog
F:\Echo\lualib-src\lua-clientsocket\Debug\link.command.1.tlog
F:\Echo\lualib-src\lua-clientsocket\Debug\link.read.1.tlog
F:\Echo\lualib-src\lua-clientsocket\Debug\link.write.1.tlog
F:\Echo\lualib-src\lua-clientsocket\Debug\link-cvtres.read.1.tlog
F:\Echo\lualib-src\lua-clientsocket\Debug\link-cvtres.write.1.tlog
F:\ECHO\LUALIB-SRC\LUA-CLIENTSOCKET\DEBUG\LUA-CLIENTSOCKET.DLL.EMBED.MANIFEST
F:\ECHO\LUALIB-SRC\LUA-CLIENTSOCKET\DEBUG\LUA-CLIENTSOCKET.DLL.EMBED.MANIFEST.RES
F:\ECHO\LUALIB-SRC\LUA-CLIENTSOCKET\DEBUG\LUA-CLIENTSOCKET.DLL.INTERMEDIATE.MANIFEST
F:\ECHO\LUALIB-SRC\LUA-CLIENTSOCKET\DEBUG\LUA-CLIENTSOCKET.OBJ
F:\Echo\lualib-src\lua-clientsocket\Debug\lua-clientsocket.write.1.tlog
F:\Echo\lualib-src\lua-clientsocket\Debug\lua-clientsocket_manifest.rc
F:\Echo\lualib-src\lua-clientsocket\Debug\mt.command.1.tlog
F:\Echo\lualib-src\lua-clientsocket\Debug\mt.read.1.tlog
F:\Echo\lualib-src\lua-clientsocket\Debug\mt.write.1.tlog
F:\Echo\lualib-src\lua-clientsocket\Debug\rc.command.1.tlog
F:\Echo\lualib-src\lua-clientsocket\Debug\rc.read.1.tlog
F:\Echo\lualib-src\lua-clientsocket\Debug\rc.write.1.tlog
F:\Echo\lualib-src\lua-clientsocket\Debug\vc100.idb
F:\ECHO\LUALIB-SRC\LUA-CLIENTSOCKET\DEBUG\VC100.PDB
