F:\Echo\Debug\lua-skynet.pdb
F:\Echo\lualib-src\lua-skynet\Debug\cl.command.1.tlog
F:\Echo\lualib-src\lua-skynet\Debug\CL.read.1.tlog
F:\Echo\lualib-src\lua-skynet\Debug\CL.write.1.tlog
F:\Echo\lualib-src\lua-skynet\Debug\link.command.1.tlog
F:\Echo\lualib-src\lua-skynet\Debug\link.read.1.tlog
F:\Echo\lualib-src\lua-skynet\Debug\link.write.1.tlog
F:\Echo\lualib-src\lua-skynet\Debug\link-cvtres.read.1.tlog
F:\Echo\lualib-src\lua-skynet\Debug\link-cvtres.write.1.tlog
F:\ECHO\LUALIB-SRC\LUA-SKYNET\DEBUG\LUA-SERI.OBJ
F:\Echo\lualib-src\lua-skynet\Debug\lua-skynet.dll.embed.manifest
F:\ECHO\LUALIB-SRC\LUA-SKYNET\DEBUG\LUA-SKYNET.DLL.EMBED.MANIFEST.RES
F:\Echo\lualib-src\lua-skynet\Debug\lua-skynet.dll.intermediate.manifest
F:\ECHO\LUALIB-SRC\LUA-SKYNET\DEBUG\LUA-SKYNET.OBJ
F:\Echo\lualib-src\lua-skynet\Debug\lua-skynet_manifest.rc
F:\Echo\lualib-src\lua-skynet\Debug\rc.command.1.tlog
F:\Echo\lualib-src\lua-skynet\Debug\rc.read.1.tlog
F:\Echo\lualib-src\lua-skynet\Debug\rc.write.1.tlog
F:\Echo\lualib-src\lua-skynet\Debug\vc100.idb
F:\ECHO\LUALIB-SRC\LUA-SKYNET\DEBUG\VC100.PDB
